<?xml version="1.0" encoding="UTF-8"?>
<!-- Generated by org.testng.reporters.JUnitReportReporter -->
<testsuite hostname="LAPTOP-5LT7U8KT" failures="0" tests="1" name="Amazon_POM.Page_Display_info_Testcase7" time="15.222" errors="0" timestamp="2024-07-17T16:21:59 IST" skipped="0">
  <testcase classname="Amazon_POM.Page_Display_info_Testcase7" name="Page_Display_info" time="15.222"/>
  <system-out/>
</testsuite> <!-- Amazon_POM.Page_Display_info_Testcase7 -->
