<?xml version="1.0" encoding="UTF-8"?>
<!-- Generated by org.testng.reporters.JUnitReportReporter -->
<testsuite hostname="LAPTOP-5LT7U8KT" failures="0" tests="1" name="Amazon_POM.Amazon_Sign_test1" time="7.284" errors="0" timestamp="2024-07-12T14:21:20 IST" skipped="0">
  <testcase classname="Amazon_POM.Amazon_Sign_test1" name="sign_in" time="7.284"/>
  <system-out/>
</testsuite> <!-- Amazon_POM.Amazon_Sign_test1 -->
