<?xml version="1.0" encoding="UTF-8"?>
<!-- Generated by org.testng.reporters.JUnitReportReporter -->
<testsuite hostname="LAPTOP-5LT7U8KT" failures="0" tests="1" name="Amazon_POM.Searchresults_testcase" time="26.388" errors="0" timestamp="2024-07-15T16:18:54 IST" skipped="0">
  <testcase classname="Amazon_POM.Searchresults_testcase" name="Searchresults" time="26.388"/>
  <system-out/>
</testsuite> <!-- Amazon_POM.Searchresults_testcase -->
