<?xml version="1.0" encoding="UTF-8"?>
<!-- Generated by org.testng.reporters.JUnitReportReporter -->
<testsuite hostname="LAPTOP-5LT7U8KT" failures="0" tests="1" name="Amazon_POM.Amazon_login_invalidsign" time="7.517" errors="0" timestamp="2024-07-22T14:27:05 IST" skipped="0">
  <testcase classname="Amazon_POM.Amazon_login_invalidsign" name="signin_invalid" time="7.517"/>
  <system-out/>
</testsuite> <!-- Amazon_POM.Amazon_login_invalidsign -->
