<?xml version="1.0" encoding="UTF-8"?>
<!-- Generated by org.testng.reporters.JUnitReportReporter -->
<testsuite hostname="LAPTOP-5LT7U8KT" failures="0" tests="1" name="Amazon_POM.Amazon_registration_Testcase" time="7.572" errors="0" timestamp="2024-07-12T17:30:15 IST" skipped="0">
  <testcase classname="Amazon_POM.Amazon_registration_Testcase" name="reg" time="7.572"/>
  <system-out/>
</testsuite> <!-- Amazon_POM.Amazon_registration_Testcase -->
